<?xml version="1.0" encoding="UTF-8"?>
<testng-results ignored="0" total="1" passed="1" failed="0" skipped="0">
  <reporter-output>
  </reporter-output>
  <suite started-at="2025-04-20T09:11:00 IST" name="Default suite" finished-at="2025-04-20T09:28:15 IST" duration-ms="1034514">
    <groups>
    </groups>
    <test started-at="2025-04-20T09:11:00 IST" name="Default test" finished-at="2025-04-20T09:28:15 IST" duration-ms="1034514">
      <class name="testScripts.ApplyJobsTestCase">
        <test-method is-config="true" signature="openApp()[pri:0, instance:testScripts.ApplyJobsTestCase@13c9d689]" started-at="2025-04-20T09:11:00 IST" name="openApp" finished-at="2025-04-20T09:11:09 IST" duration-ms="8502" status="PASS">
          <reporter-output>
          </reporter-output>
        </test-method> <!-- openApp -->
        <test-method signature="ApplyJobsTestCase()[pri:0, instance:testScripts.ApplyJobsTestCase@13c9d689]" started-at="2025-04-20T09:11:09 IST" name="ApplyJobsTestCase" finished-at="2025-04-20T09:28:14 IST" duration-ms="1024997" status="PASS">
          <reporter-output>
          </reporter-output>
        </test-method> <!-- ApplyJobsTestCase -->
        <test-method is-config="true" signature="CloseApp(org.testng.ITestResult)[pri:0, instance:testScripts.ApplyJobsTestCase@13c9d689]" started-at="2025-04-20T09:28:14 IST" name="CloseApp" finished-at="2025-04-20T09:28:15 IST" duration-ms="931" status="PASS">
          <params>
            <param index="0">
              <value>
                <![CDATA[[TestResult name=ApplyJobsTestCase status=SUCCESS method=ApplyJobsTestCase.ApplyJobsTestCase()[pri:0, instance:testScripts.ApplyJobsTestCase@13c9d689] output={null}]]]>
              </value>
            </param>
          </params>
          <reporter-output>
          </reporter-output>
        </test-method> <!-- CloseApp -->
      </class> <!-- testScripts.ApplyJobsTestCase -->
    </test> <!-- Default test -->
  </suite> <!-- Default suite -->
</testng-results>
